2024-10-28 09:59:51,211 [INFO] Activator:176 - 


2024-10-28 09:59:51,226 [INFO] Activator:177 - !SESSION log4j initialized
2024-10-28 10:00:03,704 [INFO] LogOutputStream:77 - [STDOUT_REDIRECT] 
2024-10-28 10:00:31,996 [ERROR] LogOutputStream:75 - [STDERR_REDIRECT] SLF4J: Failed to load class "org.slf4j.impl.StaticLoggerBinder".
2024-10-28 10:00:31,996 [ERROR] LogOutputStream:75 - [STDERR_REDIRECT] SLF4J: Defaulting to no-operation (NOP) logger implementation
2024-10-28 10:00:31,996 [ERROR] LogOutputStream:75 - [STDERR_REDIRECT] SLF4J: See http://www.slf4j.org/codes.html#StaticLoggerBinder for further details.
2024-10-28 10:12:11,285 [INFO] ApplicationProperties:184 - Using Application install path: C:\ST\STM32CubeIDE_1.12.0\STM32CubeIDE\plugins\com.st.stm32cube.common.mx_6.8.0.202302231600
2024-10-28 10:12:11,316 [INFO] DbMcusXml:78 - Set database path to: C:\ST\STM32CubeIDE_1.12.0\STM32CubeIDE\plugins\com.st.stm32cube.common.mx_6.8.0.202302231600\\db\/mcu/
2024-10-28 10:12:11,316 [INFO] ApiDb:274 - Set plugin database path to: C:\ST\STM32CubeIDE_1.12.0\STM32CubeIDE\plugins\com.st.stm32cube.common.mx_6.8.0.202302231600\\db\/plugins/boardmanager/
2024-10-28 10:12:11,316 [WARN] ApiDb:259 - Overriding images path with different value:  => C:\ST\STM32CubeIDE_1.12.0\STM32CubeIDE\plugins\com.st.stm32cube.common.mx_6.8.0.202302231600\\db\/plugins/mcufinder/images/
2024-10-28 10:12:11,332 [INFO] ApiDb:250 - Set database path to: C:\Users\dharmik.v\.stmcufinder\plugins\mcufinder//mcu/
2024-10-28 10:12:11,332 [INFO] DbMcusAds:125 - Set database path to: C:\Users\dharmik.v\.stmcufinder\plugins\mcufinder//mcu/
2024-10-28 10:12:11,347 [INFO] CrossReferenceDbSqlite:203 - Set database path to: C:\Users\dharmik.v\.stmcufinder\plugins\mcufinder//mcu/cs/
2024-10-28 10:12:11,488 [INFO] RulesReader:64 - Compatibility file has been processed (293 Rules)
2024-10-28 10:12:11,660 [INFO] DbMcusXml:78 - Set database path to: C:\ST\STM32CubeIDE_1.12.0\STM32CubeIDE\plugins\com.st.stm32cube.common.mx_6.8.0.202302231600\\db\/mcu/
2024-10-28 10:12:11,660 [INFO] ApiDb:274 - Set plugin database path to: C:\ST\STM32CubeIDE_1.12.0\STM32CubeIDE\plugins\com.st.stm32cube.common.mx_6.8.0.202302231600\\db\/plugins/boardmanager/
2024-10-28 10:12:11,660 [INFO] ApiDb:261 - Set plugin images path to: C:\ST\STM32CubeIDE_1.12.0\STM32CubeIDE\plugins\com.st.stm32cube.common.mx_6.8.0.202302231600\\db\/plugins/mcufinder/images/
2024-10-28 10:12:11,660 [WARN] DbFile:41 - Overriding database path with different value: C:\Users\dharmik.v\.stmcufinder\plugins\mcufinder/ => C:\Users\dharmik.v\.stmcufinder\plugins\mcufinder
2024-10-28 10:12:11,660 [INFO] ApiDb:250 - Set database path to: C:\Users\dharmik.v\.stmcufinder\plugins\mcufinder//mcu/
2024-10-28 10:12:11,660 [WARN] DbFile:41 - Overriding database path with different value: C:\Users\dharmik.v\.stmcufinder\plugins\mcufinder/ => C:\Users\dharmik.v\.stmcufinder\plugins\mcufinder
2024-10-28 10:12:11,660 [INFO] DbMcusAds:125 - Set database path to: C:\Users\dharmik.v\.stmcufinder\plugins\mcufinder//mcu/
2024-10-28 10:12:11,660 [WARN] DbFile:41 - Overriding database path with different value: C:\Users\dharmik.v\.stmcufinder\plugins\mcufinder/ => C:\Users\dharmik.v\.stmcufinder\plugins\mcufinder
2024-10-28 10:12:11,676 [WARN] DbFile:41 - Overriding database path with different value: C:\Users\dharmik.v\.stmcufinder\plugins\mcufinder/ => C:\Users\dharmik.v\.stmcufinder\plugins\mcufinder
2024-10-28 10:12:11,676 [INFO] CrossReferenceDbSqlite:203 - Set database path to: C:\Users\dharmik.v\.stmcufinder\plugins\mcufinder//mcu/cs/
2024-10-28 10:12:11,832 [INFO] MainPanel:253 - HeapMemory: 611319808
2024-10-28 10:12:12,004 [INFO] DbMcusXml:78 - Set database path to: C:\ST\STM32CubeIDE_1.12.0\STM32CubeIDE\plugins\com.st.stm32cube.common.mx_6.8.0.202302231600\\db\/mcu/
2024-10-28 10:12:12,004 [INFO] ApiDb:274 - Set plugin database path to: C:\ST\STM32CubeIDE_1.12.0\STM32CubeIDE\plugins\com.st.stm32cube.common.mx_6.8.0.202302231600\\db\/plugins/boardmanager/
2024-10-28 10:12:12,004 [INFO] ApiDb:261 - Set plugin images path to: C:\ST\STM32CubeIDE_1.12.0\STM32CubeIDE\plugins\com.st.stm32cube.common.mx_6.8.0.202302231600\\db\/plugins/mcufinder/images/
2024-10-28 10:12:12,004 [WARN] DbFile:41 - Overriding database path with different value: C:\Users\dharmik.v\.stmcufinder\plugins\mcufinder/ => C:\Users\dharmik.v\.stmcufinder\plugins\mcufinder
2024-10-28 10:12:12,004 [INFO] ApiDb:250 - Set database path to: C:\Users\dharmik.v\.stmcufinder\plugins\mcufinder//mcu/
2024-10-28 10:12:12,004 [WARN] DbFile:41 - Overriding database path with different value: C:\Users\dharmik.v\.stmcufinder\plugins\mcufinder/ => C:\Users\dharmik.v\.stmcufinder\plugins\mcufinder
2024-10-28 10:12:12,004 [INFO] DbMcusAds:125 - Set database path to: C:\Users\dharmik.v\.stmcufinder\plugins\mcufinder//mcu/
2024-10-28 10:12:12,004 [WARN] DbFile:41 - Overriding database path with different value: C:\Users\dharmik.v\.stmcufinder\plugins\mcufinder/ => C:\Users\dharmik.v\.stmcufinder\plugins\mcufinder
2024-10-28 10:12:12,004 [WARN] DbFile:41 - Overriding database path with different value: C:\Users\dharmik.v\.stmcufinder\plugins\mcufinder/ => C:\Users\dharmik.v\.stmcufinder\plugins\mcufinder
2024-10-28 10:12:12,004 [INFO] CrossReferenceDbSqlite:203 - Set database path to: C:\Users\dharmik.v\.stmcufinder\plugins\mcufinder//mcu/cs/
2024-10-28 10:12:12,050 [INFO] ApplicationProperties:184 - Using Application install path: C:\ST\STM32CubeIDE_1.12.0\STM32CubeIDE\plugins\com.st.stm32cube.common.mx_6.8.0.202302231600
2024-10-28 10:12:12,050 [INFO] PluginManage:196 - Search for loadable plugins [exclusion list=, ]
2024-10-28 10:12:12,050 [INFO] PluginManage:310 - Check plugin analytics
2024-10-28 10:12:17,255 [INFO] AnalyticsPlugin:253 - Accepted Software Licenses: 
2024-10-28 10:12:17,255 [INFO] AnalyticsPlugin:255 - Accepted CMSIS Pack Licenses: 
2024-10-28 10:12:17,255 [INFO] AnalyticsPlugin:257 - Accepted Firmware Licenses: 
2024-10-28 10:12:17,255 [INFO] PluginManage:359 - Loaded plugin analytics (category:tool,tabindex:-1)
2024-10-28 10:12:17,255 [INFO] PluginManage:310 - Check plugin cadmodel
2024-10-28 10:12:17,286 [INFO] CADModel:105 - Init CAD model plugin
2024-10-28 10:12:17,286 [INFO] PluginManage:359 - Loaded plugin cadmodel (category:power,tabindex:5)
2024-10-28 10:12:17,286 [INFO] PluginManage:310 - Check plugin clock
2024-10-28 10:12:17,317 [INFO] PluginManage:359 - Loaded plugin clock (category:base,tabindex:2)
2024-10-28 10:12:17,317 [INFO] PluginManage:310 - Check plugin ddr
2024-10-28 10:12:17,317 [INFO] PluginManage:359 - Loaded plugin ddr (category:tool,tabindex:6)
2024-10-28 10:12:17,317 [INFO] PluginManage:310 - Check plugin filemanager
2024-10-28 10:12:17,505 [INFO] PluginManage:359 - Loaded plugin filemanager (category:base,tabindex:10)
2024-10-28 10:12:17,520 [INFO] PluginManage:310 - Check plugin ipmanager
2024-10-28 10:12:17,536 [INFO] PluginManage:359 - Loaded plugin ipmanager (category:base,tabindex:5)
2024-10-28 10:12:17,536 [INFO] PluginManage:310 - Check plugin lpbam
2024-10-28 10:12:17,552 [INFO] PluginManage:359 - Loaded plugin lpbam (category:base,tabindex:0)
2024-10-28 10:12:17,552 [INFO] PluginManage:310 - Check plugin pinoutandconfiguration
2024-10-28 10:12:17,598 [INFO] PluginManage:359 - Loaded plugin pinoutandconfiguration (category:base,tabindex:1)
2024-10-28 10:12:17,598 [INFO] PluginManage:310 - Check plugin pinoutconfig
2024-10-28 10:12:17,833 [WARN] SupportedApi:132 - Cannot load RTOS API schema: s4s-elt-must-match.1: The content of 'definitions' must match (annotation?, (simpleType | complexType)?, (unique | key | keyref)*)). A problem was found starting at: attribute.
2024-10-28 10:12:18,067 [INFO] PluginManage:359 - Loaded plugin pinoutconfig (category:base,tabindex:0)
2024-10-28 10:12:18,067 [INFO] PluginManage:310 - Check plugin power
2024-10-28 10:12:18,098 [INFO] PluginManage:359 - Loaded plugin power (category:power,tabindex:4)
2024-10-28 10:12:18,098 [INFO] PluginManage:310 - Check plugin projectmanager
2024-10-28 10:12:18,130 [INFO] PluginManage:359 - Loaded plugin projectmanager (category:projectmanager,tabindex:3)
2024-10-28 10:12:18,130 [INFO] PluginManage:310 - Check plugin thirdparty
2024-10-28 10:12:18,879 [INFO] PluginManage:359 - Loaded plugin thirdparty (category:base,tabindex:-1)
2024-10-28 10:12:18,879 [WARN] IntegrityCheckThread:84 - waiting for thirdparty lock release [integrity check]
2024-10-28 10:12:18,879 [INFO] PluginManage:310 - Check plugin tools
2024-10-28 10:12:18,879 [INFO] IntegrityCheckThread:86 - entering critical section [integrity check]
2024-10-28 10:12:18,879 [INFO] ThirdPartyUpdaterWithRetryManager:70 - Updater plugin not ready yet. [1/15]
2024-10-28 10:12:18,895 [INFO] PluginManage:359 - Loaded plugin tools (category:base,tabindex:7)
2024-10-28 10:12:18,895 [INFO] PluginManage:310 - Check plugin tutovideos
2024-10-28 10:12:19,254 [INFO] PluginManage:359 - Loaded plugin tutovideos (category:base,tabindex:-1)
2024-10-28 10:12:19,254 [INFO] PluginManage:310 - Check plugin updater
2024-10-28 10:12:19,270 [INFO] PluginManage:359 - Loaded plugin updater (category:base,tabindex:12)
2024-10-28 10:12:19,270 [INFO] PluginManage:283 - PluginManage : Loaded plugins [15]
2024-10-28 10:12:19,770 [INFO] PinOutPanel:1499 - setPackage(No Configuration,No Configuration)
2024-10-28 10:12:19,926 [INFO] CADModel:165 - CPN selected for project level
2024-10-28 10:12:19,926 [INFO] CADModel:114 - Register for checkConnection events
2024-10-28 10:12:20,004 [INFO] IPUIPlugin:80 - create IPUIPlugin
2024-10-28 10:12:20,004 [INFO] PluginManager:220 - loadIPPluginJar : add adc
2024-10-28 10:12:20,020 [INFO] IPUIPlugin:80 - create IPUIPlugin
2024-10-28 10:12:20,020 [INFO] PluginManager:220 - loadIPPluginJar : add aes
2024-10-28 10:12:20,035 [INFO] IPUIPlugin:80 - create IPUIPlugin
2024-10-28 10:12:20,035 [INFO] PluginManager:220 - loadIPPluginJar : add can
2024-10-28 10:12:20,207 [INFO] IPUIPlugin:80 - create IPUIPlugin
2024-10-28 10:12:20,207 [INFO] PluginManager:220 - loadIPPluginJar : add comp
2024-10-28 10:12:20,223 [INFO] IPUIPlugin:80 - create IPUIPlugin
2024-10-28 10:12:20,223 [INFO] PluginManager:220 - loadIPPluginJar : add cryp
2024-10-28 10:12:20,238 [INFO] IPUIPlugin:80 - create IPUIPlugin
2024-10-28 10:12:20,238 [INFO] PluginManager:220 - loadIPPluginJar : add dfsdm
2024-10-28 10:12:20,270 [INFO] IPUIPlugin:80 - create IPUIPlugin
2024-10-28 10:12:20,270 [INFO] PluginManager:220 - loadIPPluginJar : add dma
2024-10-28 10:12:20,301 [INFO] IPUIPlugin:80 - create IPUIPlugin
2024-10-28 10:12:20,301 [INFO] PluginManager:220 - loadIPPluginJar : add dma3
2024-10-28 10:12:20,317 [INFO] IPUIPlugin:80 - create IPUIPlugin
2024-10-28 10:12:20,317 [INFO] PluginManager:220 - loadIPPluginJar : add fatfs
2024-10-28 10:12:20,348 [INFO] IPUIPlugin:80 - create IPUIPlugin
2024-10-28 10:12:20,348 [INFO] PluginManager:220 - loadIPPluginJar : add fmc
2024-10-28 10:12:20,379 [INFO] IPUIPlugin:80 - create IPUIPlugin
2024-10-28 10:12:20,379 [INFO] PluginManager:220 - loadIPPluginJar : add freertos
2024-10-28 10:12:20,457 [INFO] IPUIPlugin:80 - create IPUIPlugin
2024-10-28 10:12:20,457 [INFO] PluginManager:220 - loadIPPluginJar : add genericplugin
2024-10-28 10:12:20,504 [INFO] IPUIPlugin:80 - create IPUIPlugin
2024-10-28 10:12:20,504 [INFO] PluginManager:220 - loadIPPluginJar : add gfxmmu
2024-10-28 10:12:20,630 [INFO] IPUIPlugin:80 - create IPUIPlugin
2024-10-28 10:12:20,630 [INFO] PluginManager:220 - loadIPPluginJar : add gic
2024-10-28 10:12:20,740 [INFO] IPUIPlugin:80 - create IPUIPlugin
2024-10-28 10:12:20,740 [INFO] PluginManager:220 - loadIPPluginJar : add gpio
2024-10-28 10:12:20,786 [INFO] IPUIPlugin:80 - create IPUIPlugin
2024-10-28 10:12:20,786 [INFO] PluginManager:220 - loadIPPluginJar : add gtzc
2024-10-28 10:12:20,802 [INFO] IPUIPlugin:80 - create IPUIPlugin
2024-10-28 10:12:20,802 [INFO] PluginManager:220 - loadIPPluginJar : add hash
2024-10-28 10:12:20,833 [INFO] IPUIPlugin:80 - create IPUIPlugin
2024-10-28 10:12:20,833 [INFO] PluginManager:220 - loadIPPluginJar : add i2c
2024-10-28 10:12:20,864 [INFO] IPUIPlugin:80 - create IPUIPlugin
2024-10-28 10:12:20,864 [INFO] PluginManager:220 - loadIPPluginJar : add i2s
2024-10-28 10:12:20,912 [INFO] IPUIPlugin:80 - create IPUIPlugin
2024-10-28 10:12:20,912 [INFO] PluginManager:220 - loadIPPluginJar : add i3c
2024-10-28 10:12:20,959 [INFO] IPUIPlugin:80 - create IPUIPlugin
2024-10-28 10:12:20,959 [INFO] PluginManager:220 - loadIPPluginJar : add ipddr
2024-10-28 10:12:20,991 [INFO] IPUIPlugin:80 - create IPUIPlugin
2024-10-28 10:12:20,991 [INFO] PluginManager:220 - loadIPPluginJar : add linkedlist
2024-10-28 10:12:21,006 [INFO] IPUIPlugin:80 - create IPUIPlugin
2024-10-28 10:12:21,006 [INFO] PluginManager:220 - loadIPPluginJar : add lorawan
2024-10-28 10:12:21,022 [INFO] IPUIPlugin:80 - create IPUIPlugin
2024-10-28 10:12:21,022 [INFO] PluginManager:220 - loadIPPluginJar : add ltdc
2024-10-28 10:12:21,037 [INFO] IPUIPlugin:80 - create IPUIPlugin
2024-10-28 10:12:21,053 [INFO] PluginManager:220 - loadIPPluginJar : add mdma
2024-10-28 10:12:21,240 [INFO] IPUIPlugin:80 - create IPUIPlugin
2024-10-28 10:12:21,240 [INFO] PluginManager:220 - loadIPPluginJar : add nvic
2024-10-28 10:12:21,272 [INFO] IPUIPlugin:80 - create IPUIPlugin
2024-10-28 10:12:21,272 [INFO] PluginManager:220 - loadIPPluginJar : add opamp
2024-10-28 10:12:21,303 [INFO] IPUIPlugin:80 - create IPUIPlugin
2024-10-28 10:12:21,303 [INFO] PluginManager:220 - loadIPPluginJar : add openamp
2024-10-28 10:12:21,334 [INFO] IPUIPlugin:80 - create IPUIPlugin
2024-10-28 10:12:21,334 [INFO] PluginManager:220 - loadIPPluginJar : add pdm2pcm
2024-10-28 10:12:21,350 [INFO] IPUIPlugin:80 - create IPUIPlugin
2024-10-28 10:12:21,365 [INFO] PluginManager:220 - loadIPPluginJar : add plateformsettings
2024-10-28 10:12:21,428 [INFO] IPUIPlugin:80 - create IPUIPlugin
2024-10-28 10:12:21,428 [INFO] PluginManager:220 - loadIPPluginJar : add quadspi
2024-10-28 10:12:21,475 [INFO] IPUIPlugin:80 - create IPUIPlugin
2024-10-28 10:12:21,475 [INFO] PluginManager:220 - loadIPPluginJar : add resmgrutility
2024-10-28 10:12:21,506 [INFO] IPUIPlugin:80 - create IPUIPlugin
2024-10-28 10:12:21,506 [INFO] PluginManager:220 - loadIPPluginJar : add sai
2024-10-28 10:12:21,522 [INFO] IPUIPlugin:80 - create IPUIPlugin
2024-10-28 10:12:21,522 [INFO] PluginManager:220 - loadIPPluginJar : add spi
2024-10-28 10:12:21,537 [INFO] IPUIPlugin:80 - create IPUIPlugin
2024-10-28 10:12:21,537 [INFO] PluginManager:220 - loadIPPluginJar : add stm32_wpan
2024-10-28 10:12:21,553 [INFO] IPUIPlugin:80 - create IPUIPlugin
2024-10-28 10:12:21,553 [INFO] PluginManager:220 - loadIPPluginJar : add tim
2024-10-28 10:12:21,584 [INFO] IPUIPlugin:80 - create IPUIPlugin
2024-10-28 10:12:21,584 [INFO] PluginManager:220 - loadIPPluginJar : add touchsensing
2024-10-28 10:12:21,600 [INFO] IPUIPlugin:80 - create IPUIPlugin
2024-10-28 10:12:21,600 [INFO] PluginManager:220 - loadIPPluginJar : add tracer_emb
2024-10-28 10:12:21,615 [INFO] IPUIPlugin:80 - create IPUIPlugin
2024-10-28 10:12:21,615 [INFO] PluginManager:220 - loadIPPluginJar : add ts
2024-10-28 10:12:21,615 [INFO] IPUIPlugin:80 - create IPUIPlugin
2024-10-28 10:12:21,615 [INFO] PluginManager:220 - loadIPPluginJar : add tsc
2024-10-28 10:12:21,631 [INFO] IPUIPlugin:80 - create IPUIPlugin
2024-10-28 10:12:21,631 [INFO] PluginManager:220 - loadIPPluginJar : add ucpd
2024-10-28 10:12:21,647 [INFO] IPUIPlugin:80 - create IPUIPlugin
2024-10-28 10:12:21,647 [INFO] PluginManager:220 - loadIPPluginJar : add usart
2024-10-28 10:12:21,662 [INFO] IPUIPlugin:80 - create IPUIPlugin
2024-10-28 10:12:21,662 [INFO] PluginManager:220 - loadIPPluginJar : add usbx
2024-10-28 10:12:21,859 [INFO] CADModel:165 - CPN selected for project level
2024-10-28 10:12:21,859 [INFO] CADModel:114 - Register for checkConnection events
2024-10-28 10:12:21,859 [FATAL] Updater:308 - Updater called before beeing initialized
2024-10-28 10:12:21,859 [ERROR] CADModel:125 - Updater not yet initialized, retry later 
2024-10-28 10:12:21,891 [INFO] ThirdPartyUpdaterWithRetryManager:70 - Updater plugin not ready yet. [2/15]
2024-10-28 10:12:22,140 [INFO] CADModel:165 - CPN selected for project level
2024-10-28 10:12:22,140 [INFO] CADModel:114 - Register for checkConnection events
2024-10-28 10:12:22,140 [FATAL] Updater:308 - Updater called before beeing initialized
2024-10-28 10:12:22,140 [ERROR] CADModel:125 - Updater not yet initialized, retry later 
2024-10-28 10:12:22,140 [FATAL] Updater:308 - Updater called before beeing initialized
2024-10-28 10:12:22,406 [FATAL] Updater:308 - Updater called before beeing initialized
2024-10-28 10:12:22,422 [INFO] DbMcusAds:53 - JSON generation date=Fri Sep 20 18:34:38 IST 2024 (1726837478367)
2024-10-28 10:12:22,422 [FATAL] Updater:308 - Updater called before beeing initialized
2024-10-28 10:12:22,531 [WARN] DetailPanel:346 - Failed to get advertising image, set to default
2024-10-28 10:12:22,718 [FATAL] Updater:308 - Updater called before beeing initialized
2024-10-28 10:12:22,734 [FATAL] Updater:308 - Updater called before beeing initialized
2024-10-28 10:12:22,734 [FATAL] Updater:308 - Updater called before beeing initialized
2024-10-28 10:12:22,734 [WARN] DetailPanel:346 - Failed to get advertising image, set to default
2024-10-28 10:12:22,734 [FATAL] Updater:308 - Updater called before beeing initialized
2024-10-28 10:12:22,843 [ERROR] Updater:1120 - MainUpdater not yet initialized. External WinMGr cannot be set.
2024-10-28 10:12:22,843 [INFO] Updater:1056 - Updater Version found : 6.8.0
2024-10-28 10:12:22,890 [INFO] ApplicationProperties:184 - Using Application install path: C:\ST\STM32CubeIDE_1.12.0\STM32CubeIDE\plugins\com.st.stm32cube.common.mx_6.8.0.202302231600
2024-10-28 10:12:23,437 [INFO] MainUpdater:2854 - connection check result : 10
2024-10-28 10:12:23,437 [INFO] MainUpdater:3548 - Updater definition file requires update
2024-10-28 10:12:23,437 [INFO] MainUpdater:283 - Updater Check For Update Now.
2024-10-28 10:12:23,437 [INFO] MicroXplorer:498 - Change Database Version : DB.6.0.80
2024-10-28 10:12:23,531 [INFO] ServerAccessManage:473 - Download File updaters.zip
2024-10-28 10:12:23,734 [INFO] FileExtend:240 - Unzip File : updaters.zip
2024-10-28 10:12:23,734 [INFO] FileExtend:255 - Standard Zip Deflate
2024-10-28 10:12:24,890 [WARN] MainUpdater:1187 - Updater busy. Cannot search thirdparties
2024-10-28 10:12:24,890 [INFO] ThirdPartyUpdaterWithRetryManager:96 - Updater plugin is busy. [1/15]
2024-10-28 10:12:26,172 [INFO] ServerAccessManage:473 - Download File PacksControlFlags.xml
2024-10-28 10:12:26,312 [INFO] ServerAccessManage:473 - Download File cubemx.pidx
2024-10-28 10:12:26,515 [INFO] LoadServerUpdatesThread:373 - End of LoadServerUpdate Thread
2024-10-28 10:12:26,796 [INFO] CheckServerUpdateThread:120 - End of CheckServer Thread
2024-10-28 10:12:26,921 [INFO] MainUpdater:2854 - connection check result : 10
2024-10-28 10:12:26,921 [INFO] MainUpdater:2854 - connection check result : 10
2024-10-28 10:12:27,359 [INFO] MicroXplorer:468 - Change Database Path : 
2024-10-28 10:12:27,359 [INFO] MicroXplorer:498 - Change Database Version : DB.6.0.80
2024-10-28 10:12:27,359 [WARN] ThirdParty:871 - waiting for thirdparty lock release [close project]
2024-10-28 10:12:28,562 [WARN] PackLoader:240 - Cannot read IP mode file for STMicroelectronics.FP-SNS-MOTENVWB1.1.4.0
2024-10-28 10:12:28,577 [WARN] PackLoader:240 - Cannot read IP mode file for STMicroelectronics.X-CUBE-SMBUS.2.1.0
2024-10-28 10:12:28,609 [WARN] PackLoader:240 - Cannot read IP mode file for STMicroelectronics.X-CUBE-WB05N.1.1.0
2024-10-28 10:12:28,671 [WARN] PackLoader:240 - Cannot read IP mode file for STMicroelectronics.X-CUBE-AZRTOS-F7.1.1.0
2024-10-28 10:12:28,765 [WARN] PackLoader:240 - Cannot read IP mode file for STMicroelectronics.X-CUBE-MEMS1.11.0.0
2024-10-28 10:12:29,046 [WARN] PackLoader:240 - Cannot read IP mode file for STMicroelectronics.FP-SNS-FLIGHT1.5.0.2
2024-10-28 10:12:29,296 [WARN] PackLoader:240 - Cannot read IP mode file for STMicroelectronics.X-CUBE-DISPLAY.3.0.0
2024-10-28 10:12:29,312 [WARN] PackLoader:240 - Cannot read IP mode file for STMicroelectronics.X-CUBE-BLE1.7.0.0
2024-10-28 10:12:29,327 [WARN] PackLoader:240 - Cannot read IP mode file for STMicroelectronics.X-CUBE-NFC10.1.0.0
2024-10-28 10:12:29,405 [WARN] PackLoader:240 - Cannot read IP mode file for emotas.I-CUBE-CANOPEN.1.3.0
2024-10-28 10:12:29,437 [WARN] PackLoader:240 - Cannot read IP mode file for STMicroelectronics.X-CUBE-BLEMGR.3.1.0
2024-10-28 10:12:29,452 [WARN] PackLoader:240 - Cannot read IP mode file for STMicroelectronics.FP-SNS-SMARTAG2.1.2.0
2024-10-28 10:12:29,483 [INFO] LogOutputStream:77 - [STDOUT_REDIRECT] 1 : Invalid condition id : UX_CORESTACK_Condition cause : null
2024-10-28 10:12:29,483 [INFO] LogOutputStream:77 - [STDOUT_REDIRECT] 1 : Invalid condition id : UX_CORESTACK_Condition cause : null
2024-10-28 10:12:29,483 [INFO] LogOutputStream:77 - [STDOUT_REDIRECT] 1 : Invalid condition id : UX_CORESTACK_Condition cause : null
2024-10-28 10:12:29,499 [INFO] LogOutputStream:77 - [STDOUT_REDIRECT] 1 : Invalid condition id : UX_CORESTACK_Condition cause : null
2024-10-28 10:12:29,499 [INFO] LogOutputStream:77 - [STDOUT_REDIRECT] 1 : Invalid condition id : UX_CORESTACK_Condition cause : null
2024-10-28 10:12:29,499 [WARN] PackLoader:240 - Cannot read IP mode file for STMicroelectronics.X-CUBE-AZRTOS-WL.2.0.0
2024-10-28 10:12:29,515 [WARN] PackLoader:240 - Cannot read IP mode file for STMicroelectronics.FP-SNS-MOTENV1.5.0.0
2024-10-28 10:12:29,530 [WARN] PackLoader:240 - Cannot read IP mode file for wolfSSL.I-CUBE-wolfMQTT.1.19.0
2024-10-28 10:12:29,562 [WARN] PackLoader:240 - Cannot read IP mode file for WES.I-CUBE-Cesium.1.3.0
2024-10-28 10:12:29,749 [WARN] PackLoader:240 - Cannot read IP mode file for STMicroelectronics.X-CUBE-BLE2.3.3.0
2024-10-28 10:12:29,765 [WARN] PackLoader:240 - Cannot read IP mode file for STMicroelectronics.X-CUBE-NFC9.1.0.0
2024-10-28 10:12:29,796 [WARN] PackLoader:240 - Cannot read IP mode file for STMicroelectronics.X-CUBE-TCPP.4.1.0
2024-10-28 10:12:29,843 [WARN] PackLoader:240 - Cannot read IP mode file for STMicroelectronics.X-CUBE-AZRTOS-G0.1.1.0
2024-10-28 10:12:29,859 [WARN] PackLoader:240 - Cannot read IP mode file for STMicroelectronics.X-CUBE-SAFEA1.1.2.2
2024-10-28 10:12:29,890 [WARN] PackLoader:240 - Cannot read IP mode file for STMicroelectronics.X-CUBE-NFC4.3.0.0
2024-10-28 10:12:29,906 [ERROR] Engine:466 - C:\Users\dharmik.v\.stm32cubemx\thirdparties\pdsc\EmbeddedOffice.I-CUBE-FS-RTOS.1.0.1.pdsc: PDSC version is not supported
2024-10-28 10:12:29,968 [ERROR] Engine:466 - C:\Users\dharmik.v\.stm32cubemx\thirdparties\pdsc\RealThread.X-CUBE-RT-Thread_Nano.4.1.1.pdsc: PDSC version is not supported
2024-10-28 10:12:29,984 [WARN] PackLoader:240 - Cannot read IP mode file for STMicroelectronics.FP-ATR-SIGFOX1.3.2.0
2024-10-28 10:12:29,999 [WARN] PackLoader:240 - Cannot read IP mode file for wolfSSL.I-CUBE-wolfSSL.5.7.2
2024-10-28 10:12:30,015 [WARN] PackLoader:240 - Cannot read IP mode file for STMicroelectronics.X-CUBE-EEPRMA1.5.1.0
2024-10-28 10:12:30,046 [WARN] PackLoader:240 - Cannot read IP mode file for ITTIA_DB.I-CUBE-ITTIADB.8.9.0
2024-10-28 10:12:30,109 [WARN] PackLoader:240 - Cannot read IP mode file for SEGGER.I-CUBE-embOS.1.3.1
2024-10-28 10:12:30,171 [WARN] PackLoader:240 - Cannot read IP mode file for STMicroelectronics.X-CUBE-ALGOBUILD.1.4.0
2024-10-28 10:12:30,187 [WARN] PackLoader:240 - Cannot read IP mode file for STMicroelectronics.X-CUBE-AI.9.1.0
2024-10-28 10:12:30,234 [WARN] PackLoader:240 - Cannot read IP mode file for STMicroelectronics.X-CUBE-AZRTOS-F4.1.1.0
2024-10-28 10:12:30,296 [WARN] PackLoader:240 - Cannot read IP mode file for STMicroelectronics.X-CUBE-ISPU.2.1.0
2024-10-28 10:12:30,312 [WARN] PackLoader:240 - Cannot read IP mode file for STMicroelectronics.X-CUBE-FREERTOS.1.2.0
2024-10-28 10:12:30,359 [WARN] PackLoader:240 - Cannot read IP mode file for STMicroelectronics.X-CUBE-AZRTOS-L5.2.0.0
2024-10-28 10:12:30,374 [WARN] PackLoader:240 - Cannot read IP mode file for STMicroelectronics.X-CUBE-NFC6.3.1.0
2024-10-28 10:12:30,406 [ERROR] Engine:466 - C:\Users\dharmik.v\.stm32cubemx\thirdparties\pdsc\STMicroelectronics.X-CUBE-DPower.1.2.0.pdsc: PDSC version is not supported
2024-10-28 10:12:30,437 [WARN] PackLoader:240 - Cannot read IP mode file for STMicroelectronics.X-CUBE-NFC7.1.0.1
2024-10-28 10:12:30,484 [WARN] ConditionMgr:438 - getConditionDescription Invalid condition id : LAN8742 Phy interface Condition cause : null
2024-10-28 10:12:30,484 [WARN] PackLoader:240 - Cannot read IP mode file for STMicroelectronics.X-CUBE-AZRTOS-L4.2.0.0
2024-10-28 10:12:30,484 [WARN] ConditionMgr:1039 - genDependencies : Invalid condition id : LAN8742 Phy interface Condition cause : null
2024-10-28 10:12:30,484 [WARN] ConditionMgr:1039 - genDependencies : Invalid condition id : LAN8742 Phy interface Condition cause : null
2024-10-28 10:12:30,484 [WARN] ConditionMgr:1039 - genDependencies : Invalid condition id : LAN8742 Phy interface Condition cause : null
2024-10-28 10:12:30,499 [WARN] PackLoader:240 - Cannot read IP mode file for STMicroelectronics.X-CUBE-SFXS2LP1.4.0.0
2024-10-28 10:12:30,562 [WARN] PackLoader:240 - Cannot read IP mode file for STMicroelectronics.X-CUBE-AZRTOS-H7.3.3.0
2024-10-28 10:12:30,577 [ERROR] Engine:466 - C:\Users\dharmik.v\.stm32cubemx\thirdparties\pdsc\STMicroelectronics.X-CUBE-IPS.3.0.0.pdsc: PDSC version is not supported
2024-10-28 10:12:30,624 [WARN] ConditionMgr:438 - getConditionDescription Invalid condition id : UX DEVICE CLASS RTOS Condition cause : null
2024-10-28 10:12:30,624 [WARN] ConditionMgr:438 - getConditionDescription Invalid condition id : UX DEVICE CLASS RTOS Condition cause : null
2024-10-28 10:12:30,624 [WARN] PackLoader:240 - Cannot read IP mode file for STMicroelectronics.X-CUBE-AZRTOS-WB.2.0.0
2024-10-28 10:12:30,624 [WARN] ConditionMgr:1039 - genDependencies : Invalid condition id : UX DEVICE CLASS RTOS Condition cause : null
2024-10-28 10:12:30,624 [WARN] ConditionMgr:1039 - genDependencies : Invalid condition id : UX DEVICE CLASS RTOS Condition cause : null
2024-10-28 10:12:30,624 [WARN] ConditionMgr:1039 - genDependencies : Invalid condition id : UX DEVICE CLASS RTOS Condition cause : null
2024-10-28 10:12:30,624 [WARN] ConditionMgr:1039 - genDependencies : Invalid condition id : UX DEVICE CLASS RTOS Condition cause : null
2024-10-28 10:12:30,624 [WARN] ConditionMgr:1039 - genDependencies : Invalid condition id : UX DEVICE CLASS RTOS Condition cause : null
2024-10-28 10:12:30,640 [WARN] PackLoader:240 - Cannot read IP mode file for STMicroelectronics.X-CUBE-GNSS1.7.0.0
2024-10-28 10:12:30,655 [ERROR] Engine:466 - C:\Users\dharmik.v\.stm32cubemx\thirdparties\pdsc\STMicroelectronics.FP-SNS-STBOX1.2.0.0.pdsc: PDSC version is not supported
2024-10-28 10:12:30,687 [WARN] PackLoader:240 - Cannot read IP mode file for STMicroelectronics.X-CUBE-SUBG2.5.0.0
2024-10-28 10:12:30,702 [WARN] PackLoader:240 - Cannot read IP mode file for Cesanta.I-CUBE-Mongoose.7.13.0
2024-10-28 10:12:30,749 [WARN] PackLoader:240 - Cannot read IP mode file for STMicroelectronics.X-CUBE-AZRTOS-G4.2.0.0
2024-10-28 10:12:30,765 [WARN] PackLoader:240 - Cannot read IP mode file for STMicroelectronics.X-CUBE-ALS.1.0.2
2024-10-28 10:12:30,780 [WARN] PackLoader:240 - Cannot read IP mode file for STMicroelectronics.X-CUBE-TOUCHGFX.4.24.1
2024-10-28 10:12:30,796 [WARN] PackLoader:240 - Cannot read IP mode file for wolfSSL.I-CUBE-wolfTPM.3.4.0
2024-10-28 10:12:30,812 [WARN] PackLoader:240 - Cannot read IP mode file for portGmbH.I-Cube-SoM-uGOAL.1.1.0
2024-10-28 10:12:30,859 [WARN] PackLoader:240 - Cannot read IP mode file for STMicroelectronics.X-CUBE-AZRTOS-H7RS.1.0.0
2024-10-28 10:12:30,874 [WARN] PackLoader:240 - Cannot read IP mode file for STMicroelectronics.FP-ATR-ASTRA1.2.0.0
2024-10-28 10:12:30,890 [ERROR] Engine:466 - C:\Users\dharmik.v\.stm32cubemx\thirdparties\pdsc\STMicroelectronics.X-CUBE-TOF1.3.4.2.pdsc: PDSC version is not supported
2024-10-28 10:12:30,905 [ERROR] Engine:466 - C:\Users\dharmik.v\.stm32cubemx\thirdparties\pdsc\Infineon.AIROC-Wi-Fi-Bluetooth-STM32.1.6.1.pdsc: PDSC version is not supported
2024-10-28 10:12:30,905 [WARN] PackLoader:240 - Cannot read IP mode file for wolfSSL.I-CUBE-wolfSSH.1.4.17
2024-10-28 10:12:30,921 [INFO] ThirdParty:978 - Integrity check success = true
2024-10-28 10:12:30,921 [INFO] IntegrityCheckThread:100 - exiting critical section [integrity check]
2024-10-28 10:12:30,921 [INFO] IntegrityCheckThread:103 - End integrity checks thread
2024-10-28 10:12:30,921 [INFO] ThirdParty:873 - entering critical section [close project]
2024-10-28 10:12:30,921 [INFO] ThirdParty:883 - exiting critical section [close project]
2024-10-28 10:12:30,921 [INFO] PinOutPanel:1499 - setPackage(No Configuration,No Configuration)
2024-10-28 10:12:30,937 [INFO] UtilMem:75 - Begin LoadConfig() Used Memory: 640819304 Bytes (799014912)
2024-10-28 10:12:30,937 [INFO] MicroXplorer:468 - Change Database Path : 
2024-10-28 10:12:30,937 [INFO] MicroXplorer:498 - Change Database Version : DB.6.0.80
2024-10-28 10:12:30,937 [INFO] OpenFileManager:308 - Change cursor
2024-10-28 10:12:30,999 [INFO] Mcu:1937 - Initializing MCU STM32F446R(C-E)Tx STM32F446RETx STM32F446RET6
2024-10-28 10:12:34,249 [INFO] Context:659 - Trying to add GPIOservice into a context  which must be forbidden
2024-10-28 10:12:35,421 [INFO] RtosManager:555 - Registered RTOS mode: class=CMSIS, group=RTOS, mode=CMSIS_V1, owner=FREERTOS
2024-10-28 10:12:35,421 [INFO] RtosManager:555 - Registered RTOS mode: class=CMSIS, group=RTOS2, mode=CMSIS_V2, owner=FREERTOS
2024-10-28 10:12:35,421 [INFO] RtosManager:555 - Registered RTOS mode: class=RTOS, group=Core, mode=CMSIS_V1, owner=FREERTOS
2024-10-28 10:12:35,421 [INFO] RtosManager:555 - Registered RTOS mode: class=RTOS, group=Core, mode=CMSIS_V2, owner=FREERTOS
2024-10-28 10:12:35,421 [WARN] ModelIntegratedComponent:184 - Missing modes for component STMicroelectronics:FreeRTOS:0.0.1:STMicroelectronics:RTOS:FreeRTOS:Core:::10.2.0:
2024-10-28 10:12:35,452 [WARN] ModelIntegratedComponent:63 - No mode defined for component null
2024-10-28 10:12:35,452 [WARN] ModelIntegratedComponent:63 - No mode defined for component null
2024-10-28 10:12:35,452 [WARN] ModelIntegratedComponent:63 - No mode defined for component null
2024-10-28 10:12:35,452 [WARN] ModelIntegratedComponent:63 - No mode defined for component null
2024-10-28 10:12:35,452 [WARN] ModelIntegratedComponent:63 - No mode defined for component null
2024-10-28 10:12:35,452 [WARN] ModelIntegratedComponent:63 - No mode defined for component null
2024-10-28 10:12:35,452 [WARN] ModelIntegratedComponent:63 - No mode defined for component null
2024-10-28 10:12:35,452 [WARN] ModelIntegratedComponent:63 - No mode defined for component null
2024-10-28 10:12:35,452 [WARN] ModelIntegratedComponent:63 - No mode defined for component null
2024-10-28 10:12:35,452 [WARN] ModelIntegratedComponent:63 - No mode defined for component null
2024-10-28 10:12:35,452 [WARN] ModelIntegratedComponent:63 - No mode defined for component null
2024-10-28 10:12:35,452 [WARN] ModelIntegratedComponent:63 - No mode defined for component null
2024-10-28 10:12:35,452 [WARN] ModelIntegratedComponent:63 - No mode defined for component null
2024-10-28 10:12:35,452 [WARN] ModelIntegratedComponent:63 - No mode defined for component null
2024-10-28 10:12:35,452 [WARN] ModelIntegratedComponent:63 - No mode defined for component null
2024-10-28 10:12:35,452 [WARN] ModelIntegratedComponent:63 - No mode defined for component null
2024-10-28 10:12:35,452 [WARN] ModelIntegratedComponent:63 - No mode defined for component null
2024-10-28 10:12:35,452 [WARN] ModelIntegratedComponent:63 - No mode defined for component null
2024-10-28 10:12:35,452 [WARN] ModelIntegratedComponent:63 - No mode defined for component null
2024-10-28 10:12:35,452 [WARN] ModelIntegratedComponent:63 - No mode defined for component null
2024-10-28 10:12:35,452 [WARN] ModelIntegratedComponent:63 - No mode defined for component null
2024-10-28 10:12:35,452 [WARN] ModelIntegratedComponent:63 - No mode defined for component null
2024-10-28 10:12:35,452 [WARN] ModelIntegratedComponent:63 - No mode defined for component null
2024-10-28 10:12:35,452 [WARN] ModelIntegratedComponent:63 - No mode defined for component null
2024-10-28 10:12:35,452 [WARN] ModelIntegratedComponent:63 - No mode defined for component null
2024-10-28 10:12:35,452 [WARN] ModelIntegratedComponent:63 - No mode defined for component null
2024-10-28 10:12:35,452 [WARN] ModelIntegratedComponent:63 - No mode defined for component null
2024-10-28 10:12:35,452 [WARN] ModelIntegratedComponent:63 - No mode defined for component null
2024-10-28 10:12:35,452 [WARN] ModelIntegratedComponent:63 - No mode defined for component null
2024-10-28 10:12:35,452 [WARN] ModelIntegratedComponent:63 - No mode defined for component null
2024-10-28 10:12:35,452 [WARN] ModelIntegratedComponent:63 - No mode defined for component null
2024-10-28 10:12:35,452 [WARN] ModelIntegratedComponent:63 - No mode defined for component null
2024-10-28 10:12:35,452 [WARN] ModelIntegratedComponent:63 - No mode defined for component null
2024-10-28 10:12:35,483 [INFO] ThirdPartyModel:298 - Start build external matchings
2024-10-28 10:12:35,842 [INFO] ThirdPartyModel:316 - End build external matchings
2024-10-28 10:12:35,858 [INFO] ImportTextPane:194 - (OptionalMessage_ERROR) IP (RCC) : Invalid parameter (48MHZClocksFreq_Value)
2024-10-28 10:12:35,858 [INFO] ImportTextPane:194 - (OptionalMessage_ERROR) IP (RCC) : Invalid parameter (EthernetFreq_Value)
2024-10-28 10:12:35,858 [INFO] ImportTextPane:194 - (OptionalMessage_ERROR) IP (RCC) : Parameter (FLatency) has Id (AdvancedSettings) currently not set
2024-10-28 10:12:35,858 [INFO] ImportTextPane:194 - (OptionalMessage_ERROR) IP (RCC) : Invalid parameter (FamilyName)
2024-10-28 10:12:35,858 [INFO] ImportTextPane:194 - (OptionalMessage_ERROR) IP (RCC) : Invalid parameter (I2SClocksFreq_Value)
2024-10-28 10:12:35,858 [INFO] ImportTextPane:194 - (OptionalMessage_ERROR) IP (RCC) : Parameter (SDIOFreq_Value) has invalid value (168000000)
2024-10-28 10:12:35,858 [INFO] ImportTextPane:194 - (OptionalMessage_ERROR) IP (RCC) : Parameter (USBFreq_Value) has invalid value (168000000)
2024-10-28 10:12:35,858 [INFO] ImportTextPane:194 - (OptionalMessage_ERROR) IP (RCC) : Invalid parameter (VCOInputMFreq_Value)
2024-10-28 10:12:35,858 [INFO] ImportTextPane:194 - (OptionalMessage_ERROR) IP (RCC) : Invalid parameter (VcooutputI2S)
2024-10-28 10:12:36,498 [INFO] UtilMem:75 - End LoadConfig() Used Memory: 656079728 Bytes (799014912)
2024-10-28 10:12:36,670 [INFO] ApiDb:581 - Connected to CubeFinder SQLite database (C:\Users\dharmik.v\.stmcufinder\plugins\mcufinder\mcu\cube-finder-db.db)
2024-10-28 10:12:36,905 [INFO] ApiDb:668 - CubeFinder database Data Model version=2.1
2024-10-28 10:12:36,905 [INFO] ApiDb:669 - CubeFinder database Configuration version=3.0.39
2024-10-28 10:12:36,905 [INFO] ApiDb:670 - CubeFinder database generation date=2024-10-15 (1729006872)
2024-10-28 10:12:36,905 [INFO] ApiDb:671 - CubeFinder database FW Pack versions=[FP-ATR-ASTRA1_V2.0.0, FP-SNS-FLIGHT1_V5.0.2, FP-SNS-MOTENV1_V5.0.0, FP-SNS-MOTENVWB1_V1.4.0, FP-SNS-SMARTAG2_V1.2.0, FP-SNS-STBOX1_V2.0.0, STM32Cube_FW_C0_V1.2.0, STM32Cube_FW_F4_V1.28.1, STM32Cube_FW_F7_V1.17.2, STM32Cube_FW_G0_V1.6.2, STM32Cube_FW_G4_V1.6.0, STM32Cube_FW_H5_V1.3.0, STM32Cube_FW_H7RS_V1.1.0, STM32Cube_FW_H7_V1.11.2, STM32Cube_FW_L0_V1.12.2, STM32Cube_FW_L5_V1.5.1, STM32Cube_FW_U0_V1.1.0, STM32Cube_FW_U5_V1.6.0, STM32Cube_FW_WB0_V1.0.0, STM32Cube_FW_WBA_V1.4.1, STM32Cube_FW_WB_V1.20.0, STM32Cube_FW_WL_V1.3.0, X-CUBE-ALGOBUILD_V1.4.0, X-CUBE-ALS_V1.0.2, X-CUBE-AZRTOS-F4_V1.1.0, X-CUBE-AZRTOS-F7_V1.1.0, X-CUBE-AZRTOS-G0_V1.1.0, X-CUBE-AZRTOS-G4_V2.0.0, X-CUBE-AZRTOS-H7RS_V1.0.0, X-CUBE-AZRTOS-H7_V3.3.0, X-CUBE-AZRTOS-L4_V2.0.0, X-CUBE-AZRTOS-L5_V2.0.0, X-CUBE-AZRTOS-WB_V2.0.0, X-CUBE-AZRTOS-WL_V2.0.0, X-CUBE-BLE1_V7.0.0, X-CUBE-BLE2_V3.3.0, X-CUBE-BLEMGR_V3.1.0, X-CUBE-EEPRMA1_V5.1.0, X-CUBE-FREERTOS_V1.2.0, X-CUBE-GNSS1_V6.0.0, X-CUBE-MEMS1_V11.0.0, X-CUBE-NFC4_V3.0.0, X-CUBE-NFC7_V1.0.1, X-CUBE-SFXS2LP1_V4.0.0, X-CUBE-SUBG2_V5.0.0, X-CUBE-TOF1_V3.4.2]
2024-10-28 10:12:41,201 [INFO] ApiDb:240 - Found 297 in-development CPN: [B-G473E-ZEST1S, B-WB1M-WPAN1, B-WL5M-SUBG1, NUCLEO-C031C6, NUCLEO-H503RB, NUCLEO-H563ZI, NUCLEO-U545RE-Q, NUCLEO-U5A5ZJ-Q, NUCLEO-WBA52CG, STEVAL-PROTEUS1, STEVAL-STWINBX1, STM320518-EVAL, STM32C0116-DK, STM32C011D6Y3TR, STM32C011D6Y6TR, STM32C011F4P3, STM32C011F4P6, STM32C011F4U3, STM32C011F4U6TR, STM32C011F6P3, STM32C011F6P6, STM32C011F6U3, STM32C011F6U6TR, STM32C011J4M3, STM32C011J4M6, STM32C011J6M3, STM32C011J6M6, STM32C0316-DK, STM32C031C4T3, STM32C031C4T6, STM32C031C4U3, STM32C031C4U6, STM32C031C6T3, STM32C031C6T6, STM32C031C6U3, STM32C031C6U6, STM32C031F4P3, STM32C031F4P6, STM32C031F6P3, STM32C031F6P6, STM32C031G4U3, STM32C031G4U6, STM32C031G6U3, STM32C031G6U6, STM32C031K4T3, STM32C031K4T6, STM32C031K4U3, STM32C031K4U6, STM32C031K6T3, STM32C031K6T6, STM32C031K6U3, STM32C031K6U6, STM32G071K8TXN, STM32G071K8UXN, STM32G081GBU6N, STM32G081KBT6N, STM32G081KBUXN, STM32G0B1CCT6N, STM32G0B1KCT6, STM32G0B1NEY6TR, STM32G0B1RCT6N, STM32G0C1CCT6, STM32G0C1CCT6N, STM32G0C1CCU6N, STM32G0C1CET6N, STM32G0C1CEU6N, STM32G0C1KCT6, STM32G0C1NEY6TR, STM32G0C1RCI6N, STM32G0C1RCT6N, STM32G0C1REI6N, STM32G0C1RET6N, STM32G0C1VCI6, STM32G0C1VEI6, STM32G471CCT6, STM32G471CCU6, STM32G471CET3, STM32G471CET6, STM32G471CEU3, STM32G471CEU6, STM32G471MCT6, STM32G471MET3, STM32G471MET6, STM32G471MEY6TR, STM32G471QCT6, STM32G471QET3, STM32G471RCT6, STM32G471RET3, STM32G471RET6, STM32G471VCH6, STM32G471VCI6, STM32G471VCT6, STM32G471VEH3, STM32G471VEH6, STM32G471VEI3, STM32G471VEI6, STM32G471VET3, STM32G471VET6, STM32G474CCT6, STM32H503CBT6, STM32H503CBU6, STM32H503EBY6TR, STM32H503KBU6, STM32H503RBT6, STM32H562AGI6, STM32H562AII6, STM32H562IGK6, STM32H562IGT6, STM32H562IIK6, STM32H562IIT6, STM32H562RGT6, STM32H562RGV6, STM32H562RIT6, STM32H562RIV6, STM32H562VGT6, STM32H562VIT6, STM32H562ZGT6, STM32H562ZIT6, STM32H563AGI6, STM32H563AII3Q, STM32H563AII6, STM32H563IGK6, STM32H563IGT6, STM32H563IIK3Q, STM32H563IIK6, STM32H563IIT3Q, STM32H563IIT6, STM32H563MIY3QTR, STM32H563RGT6, STM32H563RGV6, STM32H563RIT6, STM32H563RIV6, STM32H563VGT6, STM32H563VIT3Q, STM32H563VIT6, STM32H563ZGT6, STM32H563ZIT3Q, STM32H563ZIT6, STM32H573AII3Q, STM32H573AII6, STM32H573I-DK, STM32H573IIK3Q, STM32H573IIK6, STM32H573IIT3Q, STM32H573IIT6, STM32H573MIY3QTR, STM32H573RIT6, STM32H573RIV6, STM32H573VIT3Q, STM32H573VIT6, STM32H573ZIT3Q, STM32H573ZIT6, STM32L4R5QGI6STR, STM32MP131AAE3, STM32MP131AAF3, STM32MP131AAG3, STM32MP131CAE3, STM32MP131CAF3, STM32MP131CAG3, STM32MP131DAE7, STM32MP131DAF7, STM32MP131DAG7, STM32MP131FAE7, STM32MP131FAF7, STM32MP131FAG7, STM32MP133AAE3, STM32MP133AAF3, STM32MP133AAG3, STM32MP133CAE3, STM32MP133CAF3, STM32MP133CAG3, STM32MP133DAE7, STM32MP133DAF7, STM32MP133DAG7, STM32MP133FAE7, STM32MP133FAF7, STM32MP133FAG7, STM32MP135AAE3, STM32MP135AAF3, STM32MP135AAG3, STM32MP135CAE3, STM32MP135CAF3, STM32MP135CAG3, STM32MP135DAE7, STM32MP135DAF7, STM32MP135DAG7, STM32MP135F-DK, STM32MP135FAE7, STM32MP135FAF7, STM32MP135FAF7T, STM32MP135FAF7U, STM32MP135FAG7, STM32U535CBT6, STM32U535CBT6Q, STM32U535CBU6, STM32U535CBU6Q, STM32U535CCT6, STM32U535CCT6Q, STM32U535CCU6, STM32U535CCU6Q, STM32U535CET6, STM32U535CET6Q, STM32U535CEU6, STM32U535CEU6Q, STM32U535JEY6QTR, STM32U535NCY6QTR, STM32U535NEY6QTR, STM32U535RBI6, STM32U535RBI6Q, STM32U535RBT6, STM32U535RBT6Q, STM32U535RCI6, STM32U535RCI6Q, STM32U535RCT6, STM32U535RCT6Q, STM32U535REI6, STM32U535REI6Q, STM32U535RET6, STM32U535RET6Q, STM32U535VCI6, STM32U535VCI6Q, STM32U535VCT6, STM32U535VCT6Q, STM32U535VEI6, STM32U535VEI6Q, STM32U535VET6, STM32U535VET6Q, STM32U545CET6, STM32U545CET6Q, STM32U545CEU6, STM32U545CEU6Q, STM32U545JEY6QTR, STM32U545NEY6QTR, STM32U545REI6, STM32U545REI6Q, STM32U545RET6, STM32U545RET6Q, STM32U545VEI6, STM32U545VEI6Q, STM32U545VET6, STM32U545VET6Q, STM32U595AIH6, STM32U595AIH6Q, STM32U595AJH6, STM32U595AJH6Q, STM32U595QII6, STM32U595QII6Q, STM32U595QJI6, STM32U595QJI6Q, STM32U595RIT6, STM32U595RIT6Q, STM32U595RJT6, STM32U595RJT6Q, STM32U595VIT6, STM32U595VIT6Q, STM32U595VJT6, STM32U595VJT6Q, STM32U595ZIT6, STM32U595ZIT6Q, STM32U595ZIY6QTR, STM32U595ZJT6, STM32U595ZJT6Q, STM32U595ZJY6QTR, STM32U599BJY6QTR, STM32U599NIH6Q, STM32U599NJH6Q, STM32U599VIT6Q, STM32U599VJT6, STM32U599VJT6Q, STM32U599ZIT6Q, STM32U599ZIY6QTR, STM32U599ZJT6Q, STM32U599ZJY6QTR, STM32U5A5AJH6, STM32U5A5AJH6Q, STM32U5A5QJI6, STM32U5A5QJI6Q, STM32U5A5RJT6, STM32U5A5RJT6Q, STM32U5A5VJT6, STM32U5A5VJT6Q, STM32U5A5ZJT6, STM32U5A5ZJT6Q, STM32U5A5ZJY6QTR, STM32U5A9BJY6QTR, STM32U5A9J-DK, STM32U5A9NJH6Q, STM32U5A9VJT6Q, STM32U5A9ZJT6Q, STM32U5A9ZJY6QTR, STM32WB1MMCH6, STM32WBA52CEU6, STM32WBA52CEU6T, STM32WBA52CGU6, STM32WBA52CGU6T, STM32WL5MOCH6, STM32WL5MOCH6TR]
2024-10-28 10:12:41,217 [INFO] DbMcus:216 - Found 4180 MCUs, 4180 are supported
2024-10-28 10:12:41,217 [INFO] ApiDb:423 - Load user favorites file C:\Users\dharmik.v/.stm32cubeide/favorites.mcus.txt: 0 item(s)
2024-10-28 10:12:41,217 [INFO] ApiDb:427 - User favorites MCUs=[]
2024-10-28 10:12:41,217 [INFO] DbMcus:222 - Set 0 / 0 favorites MCUs
2024-10-28 10:12:41,857 [WARN] ThirdParty:833 - waiting for thirdparty lock release [change project]
2024-10-28 10:12:41,857 [INFO] ThirdParty:835 - entering critical section [change project]
2024-10-28 10:12:41,857 [INFO] ThirdParty:1030 - CMSIS Pack Vendor :STMicroelectronics X-CUBE-AZRTOS-H7 3.3.0
2024-10-28 10:12:41,857 [INFO] ThirdParty:1030 - CMSIS Pack Vendor :STMicroelectronics X-CUBE-NFC9 1.0.0
2024-10-28 10:12:41,857 [INFO] ThirdParty:1030 - CMSIS Pack Vendor :STMicroelectronics USB_HOST 2.0.0
2024-10-28 10:12:41,857 [INFO] ThirdParty:1030 - CMSIS Pack Vendor :STMicroelectronics FP-SNS-MOTENVWB1 1.4.0
2024-10-28 10:12:41,857 [INFO] ThirdParty:1030 - CMSIS Pack Vendor :STMicroelectronics X-CUBE-AZRTOS-F4 1.1.0
2024-10-28 10:12:41,857 [INFO] ThirdParty:1030 - CMSIS Pack Vendor :STMicroelectronics LIBJPEG 8.0.0
2024-10-28 10:12:41,857 [INFO] ThirdParty:1030 - CMSIS Pack Vendor :STMicroelectronics X-CUBE-SMBUS 2.1.0
2024-10-28 10:12:41,857 [INFO] ThirdParty:1030 - CMSIS Pack Vendor :STMicroelectronics X-CUBE-WB05N 1.1.0
2024-10-28 10:12:41,857 [INFO] ThirdParty:1030 - CMSIS Pack Vendor :STMicroelectronics USB_DEVICE 3.0.0
2024-10-28 10:12:41,857 [INFO] ThirdParty:1030 - CMSIS Pack Vendor :STMicroelectronics X-CUBE-TCPP 4.1.0
2024-10-28 10:12:41,857 [INFO] ThirdParty:1030 - CMSIS Pack Vendor :STMicroelectronics X-CUBE-ISPU 2.1.0
2024-10-28 10:12:41,857 [INFO] ThirdParty:1030 - CMSIS Pack Vendor :STMicroelectronics X-CUBE-FREERTOS 1.2.0
2024-10-28 10:12:41,857 [INFO] ThirdParty:1030 - CMSIS Pack Vendor :STMicroelectronics X-CUBE-AZRTOS-WB 2.0.0
2024-10-28 10:12:41,857 [INFO] ThirdParty:1030 - CMSIS Pack Vendor :STMicroelectronics X-CUBE-GNSS1 7.0.0
2024-10-28 10:12:41,857 [INFO] ThirdParty:1030 - CMSIS Pack Vendor :STMicroelectronics X-CUBE-AZRTOS-F7 1.1.0
2024-10-28 10:12:41,857 [INFO] ThirdParty:1030 - CMSIS Pack Vendor :STMicroelectronics X-CUBE-AZRTOS-L5 2.0.0
2024-10-28 10:12:41,857 [INFO] ThirdParty:1030 - CMSIS Pack Vendor :STMicroelectronics USB_DEVICE 2.0.0
2024-10-28 10:12:41,857 [INFO] ThirdParty:1030 - CMSIS Pack Vendor :STMicroelectronics X-CUBE-NFC6 3.1.0
2024-10-28 10:12:41,857 [INFO] ThirdParty:1030 - CMSIS Pack Vendor :STMicroelectronics X-CUBE-MEMS1 11.0.0
2024-10-28 10:12:41,857 [INFO] ThirdParty:1030 - CMSIS Pack Vendor :STMicroelectronics FreeRTOS 0.0.1
2024-10-28 10:12:41,857 [INFO] ThirdParty:1030 - CMSIS Pack Vendor :STMicroelectronics X-CUBE-AZRTOS-G0 1.1.0
2024-10-28 10:12:41,857 [INFO] ThirdParty:1030 - CMSIS Pack Vendor :STMicroelectronics X-CUBE-SAFEA1 1.2.2
2024-10-28 10:12:41,857 [INFO] ThirdParty:1030 - CMSIS Pack Vendor :STMicroelectronics X-CUBE-NFC4 3.0.0
2024-10-28 10:12:41,857 [INFO] ThirdParty:1030 - CMSIS Pack Vendor :STMicroelectronics X-CUBE-SUBG2 5.0.0
2024-10-28 10:12:41,857 [INFO] ThirdParty:1030 - CMSIS Pack Vendor :STMicroelectronics STM32_WPAN 1.0.0
2024-10-28 10:12:41,857 [INFO] ThirdParty:1030 - CMSIS Pack Vendor :STMicroelectronics lwIP 2.0.3
2024-10-28 10:12:41,857 [INFO] ThirdParty:1030 - CMSIS Pack Vendor :STMicroelectronics FP-SNS-FLIGHT1 5.0.2
2024-10-28 10:12:41,857 [INFO] ThirdParty:1030 - CMSIS Pack Vendor :Cesanta I-CUBE-Mongoose 7.13.0
2024-10-28 10:12:41,857 [INFO] ThirdParty:1030 - CMSIS Pack Vendor :STMicroelectronics USB_HOST 1.0.0
2024-10-28 10:12:41,857 [INFO] ThirdParty:1030 - CMSIS Pack Vendor :STMicroelectronics X-CUBE-AZRTOS-G4 2.0.0
2024-10-28 10:12:41,857 [INFO] ThirdParty:1030 - CMSIS Pack Vendor :STMicroelectronics PDM2PCM 3.1.0
2024-10-28 10:12:41,857 [INFO] ThirdParty:1030 - CMSIS Pack Vendor :STMicroelectronics PDM2PCM 3.3.0
2024-10-28 10:12:41,857 [INFO] ThirdParty:1030 - CMSIS Pack Vendor :STMicroelectronics X-CUBE-DISPLAY 3.0.0
2024-10-28 10:12:41,857 [INFO] ThirdParty:1030 - CMSIS Pack Vendor :STMicroelectronics X-CUBE-BLE1 7.0.0
2024-10-28 10:12:41,857 [INFO] ThirdParty:1030 - CMSIS Pack Vendor :STMicroelectronics FP-ATR-SIGFOX1 3.2.0
2024-10-28 10:12:41,857 [INFO] ThirdParty:1030 - CMSIS Pack Vendor :STMicroelectronics X-CUBE-NFC10 1.0.0
2024-10-28 10:12:41,857 [INFO] ThirdParty:1030 - CMSIS Pack Vendor :wolfSSL I-CUBE-wolfSSL 5.7.2
2024-10-28 10:12:41,857 [INFO] ThirdParty:1030 - CMSIS Pack Vendor :STMicroelectronics X-CUBE-EEPRMA1 5.1.0
2024-10-28 10:12:41,857 [INFO] ThirdParty:1030 - CMSIS Pack Vendor :STMicroelectronics HAL Drivers 0.0.0
2024-10-28 10:12:41,857 [INFO] ThirdParty:1030 - CMSIS Pack Vendor :STMicroelectronics MBEDTLS 2.16.2
2024-10-28 10:12:41,857 [INFO] ThirdParty:1030 - CMSIS Pack Vendor :STMicroelectronics X-CUBE-ALS 1.0.2
2024-10-28 10:12:41,857 [INFO] ThirdParty:1030 - CMSIS Pack Vendor :emotas I-CUBE-CANOPEN 1.3.0
2024-10-28 10:12:41,857 [INFO] ThirdParty:1030 - CMSIS Pack Vendor :STMicroelectronics X-CUBE-NFC7 1.0.1
2024-10-28 10:12:41,857 [INFO] ThirdParty:1030 - CMSIS Pack Vendor :STMicroelectronics MBEDTLS 2.14.1
2024-10-28 10:12:41,857 [INFO] ThirdParty:1030 - CMSIS Pack Vendor :ITTIA_DB I-CUBE-ITTIADB 8.9.0
2024-10-28 10:12:41,857 [INFO] ThirdParty:1030 - CMSIS Pack Vendor :STMicroelectronics X-CUBE-TOUCHGFX 4.24.1
2024-10-28 10:12:41,857 [INFO] ThirdParty:1030 - CMSIS Pack Vendor :wolfSSL I-CUBE-wolfTPM 3.4.0
2024-10-28 10:12:41,857 [INFO] ThirdParty:1030 - CMSIS Pack Vendor :portGmbH I-Cube-SoM-uGOAL 1.1.0
2024-10-28 10:12:41,857 [INFO] ThirdParty:1030 - CMSIS Pack Vendor :STMicroelectronics X-CUBE-BLEMGR 3.1.0
2024-10-28 10:12:41,857 [INFO] ThirdParty:1030 - CMSIS Pack Vendor :STMicroelectronics ThreadX 1.0.0
2024-10-28 10:12:41,857 [INFO] ThirdParty:1030 - CMSIS Pack Vendor :STMicroelectronics FP-SNS-SMARTAG2 1.2.0
2024-10-28 10:12:41,857 [INFO] ThirdParty:1030 - CMSIS Pack Vendor :STMicroelectronics X-CUBE-AZRTOS-WL 2.0.0
2024-10-28 10:12:41,857 [INFO] ThirdParty:1030 - CMSIS Pack Vendor :SEGGER I-CUBE-embOS 1.3.1
2024-10-28 10:12:41,857 [INFO] ThirdParty:1030 - CMSIS Pack Vendor :STMicroelectronics X-CUBE-ALGOBUILD 1.4.0
2024-10-28 10:12:41,857 [INFO] ThirdParty:1030 - CMSIS Pack Vendor :STMicroelectronics FP-SNS-MOTENV1 5.0.0
2024-10-28 10:12:41,857 [INFO] ThirdParty:1030 - CMSIS Pack Vendor :STMicroelectronics USB_DEVICE 1.0.0
2024-10-28 10:12:41,857 [INFO] ThirdParty:1030 - CMSIS Pack Vendor :STMicroelectronics X-CUBE-AZRTOS-H7RS 1.0.0
2024-10-28 10:12:41,857 [INFO] ThirdParty:1030 - CMSIS Pack Vendor :wolfSSL I-CUBE-wolfMQTT 1.19.0
2024-10-28 10:12:41,857 [INFO] ThirdParty:1030 - CMSIS Pack Vendor :STMicroelectronics X-CUBE-AZRTOS-L4 2.0.0
2024-10-28 10:12:41,857 [INFO] ThirdParty:1030 - CMSIS Pack Vendor :STMicroelectronics ThreadX 0.0.2
2024-10-28 10:12:41,857 [INFO] ThirdParty:1030 - CMSIS Pack Vendor :WES I-CUBE-Cesium 1.3.0
2024-10-28 10:12:41,857 [INFO] ThirdParty:1030 - CMSIS Pack Vendor :STMicroelectronics FP-ATR-ASTRA1 2.0.0
2024-10-28 10:12:41,857 [INFO] ThirdParty:1030 - CMSIS Pack Vendor :STMicroelectronics lwIP 2.1.2
2024-10-28 10:12:41,857 [INFO] ThirdParty:1030 - CMSIS Pack Vendor :STMicroelectronics X-CUBE-SFXS2LP1 4.0.0
2024-10-28 10:12:41,857 [INFO] ThirdParty:1030 - CMSIS Pack Vendor :STMicroelectronics X-CUBE-BLE2 3.3.0
2024-10-28 10:12:41,857 [INFO] ThirdParty:1030 - CMSIS Pack Vendor :STMicroelectronics X-CUBE-AI 9.1.0
2024-10-28 10:12:41,857 [INFO] ThirdParty:1030 - CMSIS Pack Vendor :STMicroelectronics PDM2PCM 3.2.0
2024-10-28 10:12:41,857 [INFO] ThirdParty:1030 - CMSIS Pack Vendor :wolfSSL I-CUBE-wolfSSH 1.4.17
2024-10-28 10:12:41,857 [INFO] ThirdParty:841 - exiting critical section [change project]
2024-10-28 10:12:42,498 [INFO] PinOutPanel:1499 - setPackage(No Configuration,No Configuration)
2024-10-28 10:12:42,498 [INFO] PinOutPanel:1499 - setPackage(STM32F446RETx,LQFP64)
2024-10-28 10:12:43,607 [INFO] UtilMem:75 - Before build in PCC Used Memory: 629442048 Bytes (799014912)
2024-10-28 10:12:44,981 [INFO] UtilMem:75 - After build in PCC Used Memory: 667726816 Bytes (799014912)
2024-10-28 10:12:45,044 [INFO] IPUIPlugin:80 - create IPUIPlugin
2024-10-28 10:12:45,044 [INFO] IPUIPlugin:80 - create IPUIPlugin
2024-10-28 10:12:45,044 [INFO] IPUIPlugin:80 - create IPUIPlugin
2024-10-28 10:12:45,044 [INFO] IPUIPlugin:80 - create IPUIPlugin
2024-10-28 10:12:45,044 [INFO] IPUIPlugin:80 - create IPUIPlugin
2024-10-28 10:12:45,044 [INFO] IPUIPlugin:80 - create IPUIPlugin
2024-10-28 10:12:45,044 [INFO] IPUIPlugin:80 - create IPUIPlugin
2024-10-28 10:12:45,044 [INFO] IPUIPlugin:80 - create IPUIPlugin
2024-10-28 10:12:45,044 [INFO] IPUIPlugin:80 - create IPUIPlugin
2024-10-28 10:12:45,044 [INFO] IPUIPlugin:80 - create IPUIPlugin
2024-10-28 10:12:45,044 [INFO] IPUIPlugin:80 - create IPUIPlugin
2024-10-28 10:12:45,044 [INFO] IPUIPlugin:80 - create IPUIPlugin
2024-10-28 10:12:45,044 [INFO] IPUIPlugin:80 - create IPUIPlugin
2024-10-28 10:12:45,044 [INFO] IPUIPlugin:80 - create IPUIPlugin
2024-10-28 10:12:45,044 [INFO] IPUIPlugin:80 - create IPUIPlugin
2024-10-28 10:12:45,044 [INFO] IPUIPlugin:80 - create IPUIPlugin
2024-10-28 10:12:45,044 [INFO] IPUIPlugin:80 - create IPUIPlugin
2024-10-28 10:12:45,044 [INFO] IPUIPlugin:80 - create IPUIPlugin
2024-10-28 10:12:45,044 [INFO] IPUIPlugin:80 - create IPUIPlugin
2024-10-28 10:12:45,044 [INFO] IPUIPlugin:80 - create IPUIPlugin
2024-10-28 10:12:45,044 [INFO] IPUIPlugin:80 - create IPUIPlugin
2024-10-28 10:12:45,044 [INFO] IPUIPlugin:80 - create IPUIPlugin
2024-10-28 10:12:45,044 [INFO] IPUIPlugin:80 - create IPUIPlugin
2024-10-28 10:12:45,044 [INFO] IPUIPlugin:80 - create IPUIPlugin
2024-10-28 10:12:45,044 [INFO] IPUIPlugin:80 - create IPUIPlugin
2024-10-28 10:12:45,044 [INFO] IPUIPlugin:80 - create IPUIPlugin
2024-10-28 10:12:45,044 [INFO] IPUIPlugin:80 - create IPUIPlugin
2024-10-28 10:12:45,044 [INFO] IPUIPlugin:80 - create IPUIPlugin
2024-10-28 10:12:45,044 [INFO] IPUIPlugin:80 - create IPUIPlugin
2024-10-28 10:12:45,044 [INFO] IPUIPlugin:80 - create IPUIPlugin
2024-10-28 10:12:45,044 [INFO] IPUIPlugin:80 - create IPUIPlugin
2024-10-28 10:12:45,044 [INFO] IPUIPlugin:80 - create IPUIPlugin
2024-10-28 10:12:45,044 [INFO] IPUIPlugin:80 - create IPUIPlugin
2024-10-28 10:12:45,044 [INFO] IPUIPlugin:80 - create IPUIPlugin
2024-10-28 10:12:45,044 [INFO] IPUIPlugin:80 - create IPUIPlugin
2024-10-28 10:12:45,060 [INFO] IPUIPlugin:80 - create IPUIPlugin
2024-10-28 10:12:45,060 [INFO] IPUIPlugin:80 - create IPUIPlugin
2024-10-28 10:12:45,060 [INFO] IPUIPlugin:80 - create IPUIPlugin
2024-10-28 10:12:45,060 [INFO] IPUIPlugin:80 - create IPUIPlugin
2024-10-28 10:12:45,060 [INFO] IPUIPlugin:80 - create IPUIPlugin
2024-10-28 10:12:45,060 [INFO] IPUIPlugin:80 - create IPUIPlugin
2024-10-28 10:12:45,060 [INFO] IPUIPlugin:80 - create IPUIPlugin
2024-10-28 10:12:45,060 [INFO] IPUIPlugin:80 - create IPUIPlugin
2024-10-28 10:12:45,060 [INFO] IPUIPlugin:80 - create IPUIPlugin
2024-10-28 10:12:45,060 [INFO] IPUIPlugin:80 - create IPUIPlugin
2024-10-28 10:12:45,060 [INFO] IPUIPlugin:80 - create IPUIPlugin
2024-10-28 10:12:45,060 [INFO] IPUIPlugin:80 - create IPUIPlugin
2024-10-28 10:12:45,060 [INFO] IPUIPlugin:80 - create IPUIPlugin
2024-10-28 10:12:45,060 [INFO] IPUIPlugin:80 - create IPUIPlugin
2024-10-28 10:12:45,060 [INFO] IPUIPlugin:80 - create IPUIPlugin
2024-10-28 10:12:45,060 [INFO] IPUIPlugin:80 - create IPUIPlugin
2024-10-28 10:12:45,060 [INFO] IPUIPlugin:80 - create IPUIPlugin
2024-10-28 10:12:45,060 [INFO] IPUIPlugin:80 - create IPUIPlugin
2024-10-28 10:12:45,060 [INFO] IPUIPlugin:80 - create IPUIPlugin
2024-10-28 10:12:45,060 [INFO] IPUIPlugin:80 - create IPUIPlugin
2024-10-28 10:12:45,060 [INFO] IPUIPlugin:80 - create IPUIPlugin
2024-10-28 10:12:45,060 [INFO] IPUIPlugin:80 - create IPUIPlugin
2024-10-28 10:12:45,060 [INFO] IPUIPlugin:80 - create IPUIPlugin
2024-10-28 10:12:45,060 [INFO] IPUIPlugin:80 - create IPUIPlugin
2024-10-28 10:12:45,060 [INFO] IPUIPlugin:80 - create IPUIPlugin
2024-10-28 10:12:45,169 [INFO] ApiDbMcu:507 - Load IP Config File for PDM2PCM
2024-10-28 10:12:45,591 [INFO] CADModel:165 - CPN selected for project levelSTM32F446RET6
2024-10-28 10:12:45,591 [INFO] CADModel:114 - Register for checkConnection events
2024-10-28 10:12:45,653 [INFO] OpenFileManager:328 - Restore cursor
2024-10-28 15:25:36,445 [INFO] NvicIntPanel:101 - NVIC parent = com.st.microxplorer.plugins.ip.nvic.MultiNvicIntPanel[,0,0,0x0,invalid,layout=javax.swing.BoxLayout,alignmentX=0.0,alignmentY=0.0,border=,flags=9,maximumSize=,minimumSize=,preferredSize=]
2024-10-28 15:25:45,820 [INFO] NvicIntPanel:101 - NVIC parent = com.st.microxplorer.plugins.ip.nvic.MultiNvicIntPanel[,0,0,0x0,invalid,layout=javax.swing.BoxLayout,alignmentX=0.0,alignmentY=0.0,border=,flags=9,maximumSize=,minimumSize=,preferredSize=]
2024-10-28 15:28:09,268 [INFO] Gpio:273 - dependency for GPIO [RCC, SYS, TIM2, USART2]
2024-10-28 15:28:43,678 [INFO] Gpio:273 - dependency for GPIO [RCC, SYS, TIM2, USART2]
2024-10-28 15:28:43,774 [INFO] NvicIntPanel:101 - NVIC parent = com.st.microxplorer.plugins.ip.nvic.MultiNvicIntPanel[,0,0,0x0,invalid,layout=javax.swing.BoxLayout,alignmentX=0.0,alignmentY=0.0,border=,flags=9,maximumSize=,minimumSize=,preferredSize=]
2024-10-28 15:28:59,851 [INFO] Gpio:273 - dependency for GPIO [RCC, SYS, USART2]
2024-10-28 15:28:59,945 [INFO] NvicIntPanel:101 - NVIC parent = com.st.microxplorer.plugins.ip.nvic.MultiNvicIntPanel[,0,0,0x0,invalid,layout=javax.swing.BoxLayout,alignmentX=0.0,alignmentY=0.0,border=,flags=9,maximumSize=,minimumSize=,preferredSize=]
2024-10-28 15:29:00,071 [INFO] Gpio:273 - dependency for GPIO [RCC, SYS, USART2]
2024-10-28 15:29:00,133 [INFO] NvicIntPanel:101 - NVIC parent = com.st.microxplorer.plugins.ip.nvic.MultiNvicIntPanel[,0,0,0x0,invalid,layout=javax.swing.BoxLayout,alignmentX=0.0,alignmentY=0.0,border=,flags=9,maximumSize=,minimumSize=,preferredSize=]
2024-10-28 15:29:05,150 [INFO] Gpio:273 - dependency for GPIO [RCC, SYS, USART2]
2024-10-28 15:29:45,945 [INFO] UtilMem:75 - End SaveConfig() Used Memory: 834425544 Bytes (953155584)
2024-10-28 15:31:31,022 [INFO] UtilMem:75 - End SaveConfig() Used Memory: 795304336 Bytes (953155584)
2024-10-28 15:31:31,807 [INFO] BlockDiagram:2759 - set Specific Code input for plugin: TIM1_8
2024-10-28 15:31:31,807 [INFO] BlockDiagram:2759 - set Specific Code input for plugin: SYS
2024-10-28 15:31:31,807 [INFO] BlockDiagram:2759 - set Specific Code input for plugin: RCC
2024-10-28 15:31:31,807 [INFO] BlockDiagram:2759 - set Specific Code input for plugin: NVIC
2024-10-28 15:31:31,807 [INFO] BlockDiagram:2759 - set Specific Code input for plugin: USART
2024-10-28 15:31:31,807 [INFO] BlockDiagram:2759 - set Specific Code input for plugin: GPIO
2024-10-28 15:31:31,823 [INFO] CodeGenerator:793 - code generatio: config db path: C:\ST\STM32CubeIDE_1.12.0\STM32CubeIDE\plugins\com.st.stm32cube.common.mx_6.8.0.202302231600\\db\
2024-10-28 15:31:32,309 [INFO] CodeEngine:255 - oldGeneratedFile, C:\Users\dharmik.v\Desktop\STM\iso\MXTmpFiles\license.tmp_save
2024-10-28 15:31:33,345 [INFO] CodeEngine:279 - Generated code: C:\Users\dharmik.v\Desktop\STM\iso\MXTmpFiles\license.tmp
2024-10-28 15:31:33,454 [INFO] CodeEngine:255 - oldGeneratedFile, C:\Users\dharmik.v\Desktop\STM\iso\Core\Src\gpio.c_save
2024-10-28 15:31:33,701 [INFO] CodeEngine:279 - Generated code: C:\Users\dharmik.v\Desktop\STM\iso\Core\Src\gpio.c
2024-10-28 15:31:33,758 [INFO] CodeEngine:255 - oldGeneratedFile, C:\Users\dharmik.v\Desktop\STM\iso\Core\Inc\gpio.h_save
2024-10-28 15:31:33,922 [INFO] CodeEngine:279 - Generated code: C:\Users\dharmik.v\Desktop\STM\iso\Core\Inc\gpio.h
2024-10-28 15:31:34,490 [INFO] CodeEngine:255 - oldGeneratedFile, C:\Users\dharmik.v\Desktop\STM\iso\Core\Src\tim.c_save
2024-10-28 15:31:34,906 [INFO] CodeEngine:279 - Generated code: C:\Users\dharmik.v\Desktop\STM\iso\Core\Src\tim.c
2024-10-28 15:31:34,941 [INFO] CodeEngine:255 - oldGeneratedFile, C:\Users\dharmik.v\Desktop\STM\iso\Core\Inc\tim.h_save
2024-10-28 15:31:35,074 [INFO] CodeEngine:279 - Generated code: C:\Users\dharmik.v\Desktop\STM\iso\Core\Inc\tim.h
2024-10-28 15:31:35,158 [INFO] CodeEngine:255 - oldGeneratedFile, C:\Users\dharmik.v\Desktop\STM\iso\Core\Src\usart.c_save
2024-10-28 15:31:35,343 [INFO] CodeEngine:279 - Generated code: C:\Users\dharmik.v\Desktop\STM\iso\Core\Src\usart.c
2024-10-28 15:31:35,375 [INFO] CodeEngine:255 - oldGeneratedFile, C:\Users\dharmik.v\Desktop\STM\iso\Core\Inc\usart.h_save
2024-10-28 15:31:35,488 [INFO] CodeEngine:279 - Generated code: C:\Users\dharmik.v\Desktop\STM\iso\Core\Inc\usart.h
2024-10-28 15:31:35,557 [INFO] CodeEngine:255 - oldGeneratedFile, C:\Users\dharmik.v\Desktop\STM\iso\Core\Src\stm32f4xx_it.c_save
2024-10-28 15:31:35,707 [INFO] CodeEngine:279 - Generated code: C:\Users\dharmik.v\Desktop\STM\iso\Core\Src\stm32f4xx_it.c
2024-10-28 15:31:35,741 [INFO] CodeEngine:255 - oldGeneratedFile, C:\Users\dharmik.v\Desktop\STM\iso\Core\Inc\stm32f4xx_it.h_save
2024-10-28 15:31:35,876 [INFO] CodeEngine:279 - Generated code: C:\Users\dharmik.v\Desktop\STM\iso\Core\Inc\stm32f4xx_it.h
2024-10-28 15:31:35,940 [INFO] CodeEngine:255 - oldGeneratedFile, C:\Users\dharmik.v\Desktop\STM\iso\Core\Src\stm32f4xx_hal_msp.c_save
2024-10-28 15:31:36,075 [INFO] CodeEngine:279 - Generated code: C:\Users\dharmik.v\Desktop\STM\iso\Core\Src\stm32f4xx_hal_msp.c
2024-10-28 15:31:36,094 [INFO] CodeEngine:255 - oldGeneratedFile, C:\Users\dharmik.v\Desktop\STM\iso\MXTmpFiles\system.tmp_save
2024-10-28 15:31:36,225 [INFO] CodeEngine:279 - Generated code: C:\Users\dharmik.v\Desktop\STM\iso\MXTmpFiles\system.tmp
2024-10-28 15:31:36,293 [INFO] CodeEngine:311 - oldGeneratedFile, C:\Users\dharmik.v\Desktop\STM\iso\Core\Inc\stm32f4xx_hal_conf.h_save
2024-10-28 15:31:36,918 [INFO] CodeEngine:335 - Generated code: C:\Users\dharmik.v\Desktop\STM\iso\Core\Inc\stm32f4xx_hal_conf.h
2024-10-28 15:31:36,991 [WARN] IPConfigManager:2937 - Warning: the RefConfig PLL2P_FOR_MCO is not available in your config.xml file
2024-10-28 15:31:37,041 [INFO] CodeEngine:255 - oldGeneratedFile, C:\Users\dharmik.v\Desktop\STM\iso\Core\Inc\main.h_save
2024-10-28 15:31:37,209 [INFO] CodeEngine:279 - Generated code: C:\Users\dharmik.v\Desktop\STM\iso\Core\Inc\main.h
2024-10-28 15:31:37,257 [INFO] CodeEngine:255 - oldGeneratedFile, C:\Users\dharmik.v\Desktop\STM\iso\Core\Src\main.c_save
2024-10-28 15:31:37,644 [INFO] CodeEngine:279 - Generated code: C:\Users\dharmik.v\Desktop\STM\iso\Core\Src\main.c
2024-10-28 15:31:41,007 [INFO] ProjectBuilder:2996 - Time for Copy HAL[1] : 2148mS.
2024-10-28 15:31:41,023 [INFO] ProjectBuilder:4304 - Project Generator version: 3.19.2
2024-10-28 15:31:41,478 [INFO] ConfigFileManager:1483 - The Die is : DIE421
2024-10-28 15:31:41,494 [INFO] ApiDbMcu:507 - Load IP Config File for FATFS
2024-10-28 15:31:41,509 [INFO] ApiDbMcu:507 - Load IP Config File for FREERTOS
2024-10-28 15:31:41,525 [INFO] ApiDbMcu:507 - Load IP Config File for LIBJPEG
2024-10-28 15:31:41,540 [INFO] ApiDbMcu:507 - Load IP Config File for MBEDTLS
2024-10-28 15:31:41,556 [INFO] ApiDbMcu:507 - Load IP Config File for USB_DEVICE
2024-10-28 15:31:41,576 [INFO] ApiDbMcu:507 - Load IP Config File for USB_HOST
2024-10-28 15:31:43,214 [INFO] LogOutputStream:77 - [STDOUT_REDIRECT] 
2024-10-28 15:31:46,697 [INFO] ProjectBuilder:4505 - Time for Generating toolchain IDE Files: 5671mS.
2024-10-28 15:31:46,700 [INFO] ProjectBuilder:2867 - Time for Copy CMSIS : 3mS.
2024-10-28 15:31:46,705 [INFO] ProjectBuilder:2867 - Time for Copy CMSIS : 0mS.
